{
  "stats": {
    "suites": 1,
    "tests": 2,
    "passes": 1,
    "pending": 0,
    "failures": 1,
    "start": "2022-11-28T00:33:48.711Z",
    "end": "2022-11-28T00:33:51.869Z",
    "duration": 3158,
    "testsRegistered": 2,
    "passPercent": 50,
    "pendingPercent": 0,
    "other": 0,
    "hasOther": false,
    "skipped": 0,
    "hasSkipped": false
  },
  "results": [
    {
      "uuid": "5d7fde9f-7f22-44b1-8b77-3fdcbb6b747a",
      "title": "",
      "fullFile": "cypress\\e2e\\webdriver-uni\\file-upload.js",
      "file": "cypress\\e2e\\webdriver-uni\\file-upload.js",
      "beforeHooks": [],
      "afterHooks": [],
      "tests": [],
      "suites": [
        {
          "uuid": "c52505c7-6c58-4920-aec4-826c47f113d1",
          "title": "Test File Upload via webdriveruni",
          "fullFile": "",
          "file": "",
          "beforeHooks": [],
          "afterHooks": [],
          "tests": [
            {
              "title": "Upload a file....",
              "fullTitle": "Test File Upload via webdriveruni Upload a file....",
              "timedOut": null,
              "duration": 771,
              "state": "failed",
              "speed": null,
              "pass": false,
              "fail": true,
              "pending": false,
              "context": null,
              "code": "cy.visit(\"http://www.webdriveruniversity.com\");\ncy.get('#file-upload').invoke('removeAttr', 'target').click({\n  force: true\n}); //for this you have to put the file in fixture folder. Pls see the below PATH\ncy.get(\"#myFile\").selectFile(\"cypress/fixtures/laptop.png\");\ncy.get(\"#submit-button\").click();",
              "err": {
                "message": "CypressError: `cy.selectFile(\"cypress/fixtures/laptop.png\")` failed because the file does not exist at the following path:\n\n`C:\\Users\\Wahid.Akbar\\CypressAutomation\\cypress\\fixtures\\laptop.png`\n\nhttps://on.cypress.io/selectfile",
                "estack": "CypressError: `cy.selectFile(\"cypress/fixtures/laptop.png\")` failed because the file does not exist at the following path:\n\n`C:\\Users\\Wahid.Akbar\\CypressAutomation\\cypress\\fixtures\\laptop.png`\n\nhttps://on.cypress.io/selectfile\n    at <unknown> (http://www.webdriveruniversity.com/__cypress/runner/cypress_runner.js:136989:78)\n    at tryCatcher (http://www.webdriveruniversity.com/__cypress/runner/cypress_runner.js:11327:23)\n    at Promise._settlePromiseFromHandler (http://www.webdriveruniversity.com/__cypress/runner/cypress_runner.js:9262:31)\n    at Promise._settlePromise (http://www.webdriveruniversity.com/__cypress/runner/cypress_runner.js:9319:18)\n    at Promise._settlePromise0 (http://www.webdriveruniversity.com/__cypress/runner/cypress_runner.js:9364:10)\n    at Promise._settlePromises (http://www.webdriveruniversity.com/__cypress/runner/cypress_runner.js:9440:18)\n    at _drainQueueStep (http://www.webdriveruniversity.com/__cypress/runner/cypress_runner.js:6034:12)\n    at _drainQueue (http://www.webdriveruniversity.com/__cypress/runner/cypress_runner.js:6027:9)\n    at ../../node_modules/bluebird/js/release/async.js.Async._drainQueues (http://www.webdriveruniversity.com/__cypress/runner/cypress_runner.js:6043:5)\n    at Async.drainQueues (http://www.webdriveruniversity.com/__cypress/runner/cypress_runner.js:5913:14)\nFrom Your Spec Code:\n    at Context.eval (webpack:///./cypress/e2e/webdriver-uni/file-upload.js:9:26)",
                "diff": null
              },
              "uuid": "2038ea15-3f4d-407d-a2a5-fb5fc89288e7",
              "parentUUID": "c52505c7-6c58-4920-aec4-826c47f113d1",
              "isHook": false,
              "skipped": false
            },
            {
              "title": "Upload No file...",
              "fullTitle": "Test File Upload via webdriveruni Upload No file...",
              "timedOut": null,
              "duration": 625,
              "state": "passed",
              "speed": "fast",
              "pass": true,
              "fail": false,
              "pending": false,
              "context": null,
              "code": "cy.visit(\"http://www.webdriveruniversity.com\");\ncy.get('#file-upload').invoke('removeAttr', 'target').click({\n  force: true\n});\ncy.get(\"#submit-button\").click();",
              "err": {},
              "uuid": "3459e2f5-98f5-4664-93cf-bbcb08a7f6fb",
              "parentUUID": "c52505c7-6c58-4920-aec4-826c47f113d1",
              "isHook": false,
              "skipped": false
            }
          ],
          "suites": [],
          "passes": [
            "3459e2f5-98f5-4664-93cf-bbcb08a7f6fb"
          ],
          "failures": [
            "2038ea15-3f4d-407d-a2a5-fb5fc89288e7"
          ],
          "pending": [],
          "skipped": [],
          "duration": 1396,
          "root": false,
          "rootEmpty": false,
          "_timeout": 2000
        }
      ],
      "passes": [],
      "failures": [],
      "pending": [],
      "skipped": [],
      "duration": 0,
      "root": true,
      "rootEmpty": true,
      "_timeout": 2000
    }
  ],
  "meta": {
    "mocha": {
      "version": "7.0.1"
    },
    "mochawesome": {
      "options": {
        "quiet": false,
        "reportFilename": "mochawesome",
        "saveHtml": true,
        "saveJson": true,
        "consoleReporter": "spec",
        "useInlineDiffs": false,
        "code": true
      },
      "version": "7.1.3"
    },
    "marge": {
      "options": null,
      "version": "6.2.0"
    }
  }
}